<?xml version="1.0" encoding="UTF-8"?>
<testsuite xmlns:xsi="http://www.w3.org/2001/XMLSchema-instance" xsi:noNamespaceSchemaLocation="https://maven.apache.org/surefire/maven-surefire-plugin/xsd/surefire-test-report.xsd" name="com.driver.test.TestCases" time="0.601" tests="4" errors="0" skipped="0" failures="0">
  <properties>
[...]
</properties>
  <testcase name="testConcurrentTransfersFromSameSender" classname="com.driver.test.TestCases" time="0.268"/>
  <testcase name="testZeroAmountTransfer" classname="com.driver.test.TestCases" time="0.104"/>
  <testcase name="testLargeTransfer" classname="com.driver.test.TestCases" time="0.105"/>
  <testcase name="testSimpleMoneyTransfer" classname="com.driver.test.TestCases" time="0.107"/>
</testsuite>